This file contains any messages produced by compilers while
running configure, to aid debugging if configure makes a mistake.

It was created by configure, which was
generated by GNU Autoconf 2.61.  Invocation command line was

  $ ./configure 

## --------- ##
## Platform. ##
## --------- ##

hostname = zachary-pinters-macbook-pro.local
uname -m = i386
uname -r = 9.7.0
uname -s = Darwin
uname -v = Darwin Kernel Version 9.7.0: Tue Mar 31 22:52:17 PDT 2009; root:xnu-1228.12.14~1/RELEASE_I386

/usr/bin/uname -p = i386
/bin/uname -X     = unknown

/bin/arch              = unknown
/usr/bin/arch -k       = unknown
/usr/convex/getsysinfo = unknown
/usr/bin/hostinfo      = Mach kernel version:
	 Darwin Kernel Version 9.7.0: Tue Mar 31 22:52:17 PDT 2009; root:xnu-1228.12.14~1/RELEASE_I386
Kernel configured for up to 2 processors.
2 processors are physically available.
2 processors are logically available.
Processor type: i486 (Intel 80486)
Processors active: 0 1
Primary memory available: 4.00 gigabytes
Default processor set: 138 tasks, 739 threads, 2 processors
Load average: 1.86, Mach factor: 0.90
/bin/machine           = unknown
/usr/bin/oslevel       = unknown
/bin/universe          = unknown

PATH: /opt/local/bin
PATH: /opt/local/lib/erlang/lib/rabbitmq_server-1.4.0/sbin
PATH: /Users/zpinter/bin
PATH: /Users/zpinter/clojure/bin
PATH: /Developer/usr/bin
PATH: /usr/bin
PATH: /bin
PATH: /usr/sbin
PATH: /sbin
PATH: ~/bin
PATH: /usr/local/bin
PATH: /usr/X11R6/bin
PATH: /opt/local/bin
PATH: /opt/local/bin
PATH: /Users/zpinter/ec2-api-tools/bin


## ----------- ##
## Core tests. ##
## ----------- ##

configure:1642: checking whether make sets $(MAKE)
configure:1663: result: yes
configure:1716: checking for a BSD-compatible install
configure:1772: result: /usr/bin/install -c
configure:1802: checking for makeinfo
configure:1818: found /opt/local/bin/makeinfo
configure:1830: result: makeinfo
configure:1841: checking for emacs
configure:1857: found /usr/bin/emacs
configure:1869: result: emacs
configure:1880: checking if emacs is really XEmacs
emacs -batch -eval (let ((x (if (string-match "XEmacs" emacs-version) "yes" "no") )) (write-region (if (stringp x) (princ x) (prin1-to-string x)) nil "./conftest-3993"))
Wrong type argument: stringp, 0
=> 
configure:1913: result: 
configure:1919: checking prefix for your Emacs
emacs -batch -eval (let ((x (expand-file-name ".." invocation-directory))) (write-region (if (stringp x) (princ x) (prin1-to-string x)) nil "./conftest-3993"))
Wrong type argument: stringp, 0
=> 
configure:1948: result: 
configure:1957: checking where .elc files should go
configure:1982: result: $(datadir)/emacs/site-lisp/gnus
configure:1993: checking where etc files should go
configure:2002: result: $(lispdir)/../../etc
configure:2007: checking where the TeXinfo docs should go
configure:2018: result: ${datarootdir}/info
configure:2023: checking for acceptable URL version
emacs -batch -eval (let ((x (progn (fmakunbound 'url-retrieve) (condition-case nil (progn (require 'url) (fboundp 'url-retrieve)) (error (prog1 nil (message "url not found"))))))) (write-region (if (stringp x) (princ x) (prin1-to-string x)) nil "./conftest-3993"))
Wrong type argument: stringp, 0
=> 
configure:2120: result: "no"
configure:2124: checking for acceptable W3 version
emacs -batch -eval (let ((x (progn (fmakunbound 'w3-form-encode-xwfu) (condition-case nil (progn (require 'w3-forms) (fboundp 'w3-form-encode-xwfu)) (error (prog1 nil (message "w3-forms not found"))))))) (write-region (if (stringp x) (princ x) (prin1-to-string x)) nil "./conftest-3993"))
Wrong type argument: stringp, 0
=> 
configure:2221: result: "no"
configure:2225: checking which options to pass on to (X)Emacs
configure:2236: result: -batch -q -no-site-file -l $(srcdir)/dgnushack.el
configure:2246: checking for latex
configure:2264: found /opt/local/bin/latex
configure:2276: result: /opt/local/bin/latex
configure:2288: checking for available fonts
This is pdfeTeX, Version 3.141592-1.21a-2.2 (Web2C 7.5.4)
entering extended mode
(./conftest-3993
LaTeX2e <2003/12/01>
Babel <v3.8d> and hyphenation patterns for american, french, german, ngerman, b
ahasa, basque, bulgarian, catalan, croatian, czech, danish, dutch, esperanto, e
stonian, finnish, greek, icelandic, irish, italian, latin, magyar, norsk, polis
h, portuges, romanian, russian, serbian, slovak, slovene, spanish, swedish, tur
kish, ukrainian, nohyphenation, loaded.

! LaTeX Error: Missing \begin{document}.

See the LaTeX manual or LaTeX Companion for explanation.
Type  H <return>  for immediate help.
 ...                                              
                                                  
l.2 o
     nstopmode\documentclass{article}\usepackage{bembo}^^Hegin{document}^^[n...

? 
! Emergency stop.
 ...                                              
                                                  
l.2 o
     nstopmode\documentclass{article}\usepackage{bembo}^^Hegin{document}^^[n...

No pages of output.
Transcript written on conftest-3993.log.
configure:2365: result: "no"
configure:2509: creating ./config.status

## ---------------------- ##
## Running config.status. ##
## ---------------------- ##

This file was extended by config.status, which was
generated by GNU Autoconf 2.61.  Invocation command line was

  CONFIG_FILES    = 
  CONFIG_HEADERS  = 
  CONFIG_LINKS    = 
  CONFIG_COMMANDS = 
  $ ./config.status 

on zachary-pinters-macbook-pro.local

config.status:594: creating Makefile
config.status:594: creating etc/Makefile
config.status:594: creating lisp/Makefile
config.status:594: creating texi/Makefile
config.status:594: creating texi/gnusconfig.tex
config.status:594: creating texi/ps/Makefile

## ---------------- ##
## Cache variables. ##
## ---------------- ##

EMACS_cv_ACCEPTABLE_URL=no
EMACS_cv_ACCEPTABLE_W3=no
EMACS_cv_SYS_prefix=
EMACS_cv_SYS_url=
EMACS_cv_SYS_w3_forms=
EMACS_cv_SYS_xemacsp=
ac_cv_env_build_alias_set=
ac_cv_env_build_alias_value=
ac_cv_env_host_alias_set=
ac_cv_env_host_alias_value=
ac_cv_env_target_alias_set=
ac_cv_env_target_alias_value=
ac_cv_path_LATEX=/opt/local/bin/latex
ac_cv_path_install='/usr/bin/install -c'
ac_cv_prog_EMACS=emacs
ac_cv_prog_MAKEINFO=makeinfo
ac_cv_prog_make_make_set=yes

## ----------------- ##
## Output variables. ##
## ----------------- ##

DEFS='-DPACKAGE_NAME=\"\" -DPACKAGE_TARNAME=\"\" -DPACKAGE_VERSION=\"\" -DPACKAGE_STRING=\"\" -DPACKAGE_BUGREPORT=\"\"'
ECHO_C='ECHO_N=''
ECHO_T=''
EMACS='emacs'
EMACS_FLAVOR='emacs'
FLAGS='-batch -q -no-site-file -l $(srcdir)/dgnushack.el'
HAVE_url=''
HAVE_w3_forms=''
INSTALL_DATA='${INSTALL} -m 644'
INSTALL_PROGRAM='${INSTALL}'
INSTALL_SCRIPT='${INSTALL}'
LATEX='/opt/local/bin/latex'
LIBOBJS=''
LIBS=''
LTLIBOBJS=''
MAKEINFO='makeinfo'
PACKAGE_BUGREPORT=''
PACKAGE_NAME=''
PACKAGE_STRING=''
PACKAGE_TARNAME=''
PACKAGE_VERSION=''
PATH_SEPARATOR=':'
SET_MAKE=''
SHELL='/bin/sh'
URL='no'
USE_FONTS=''
W3='no'
WITHOUT_FONTS_bcr=''
WITHOUT_FONTS_bembo=''
WITHOUT_FONTS_pfu=''
WITH_FONTS_bcr='%'
WITH_FONTS_bembo='%'
WITH_FONTS_pfu='%'
XEMACS=''
bindir='${exec_prefix}/bin'
build_alias=''
datadir='${datarootdir}'
datarootdir='${prefix}/share'
docdir='${datarootdir}/doc/${PACKAGE}'
dvidir='${docdir}'
etcdir='$(lispdir)/../../etc'
exec_prefix='${prefix}'
host_alias=''
htmldir='${docdir}'
includedir='${prefix}/include'
info_dir='${datarootdir}/info'
infodir='${datarootdir}/info'
libdir='${exec_prefix}/lib'
libexecdir='${exec_prefix}/libexec'
lispdir='$(datadir)/emacs/site-lisp/gnus'
localedir='${datarootdir}/locale'
localstatedir='${prefix}/var'
mandir='${datarootdir}/man'
oldincludedir='/usr/include'
pdfdir='${docdir}'
prefix=''
program_transform_name='s,x,x,'
psdir='${docdir}'
sbindir='${exec_prefix}/sbin'
sharedstatedir='${prefix}/com'
sysconfdir='${prefix}/etc'
target_alias=''

## ----------- ##
## confdefs.h. ##
## ----------- ##

#define PACKAGE_NAME ""
#define PACKAGE_TARNAME ""
#define PACKAGE_VERSION ""
#define PACKAGE_STRING ""
#define PACKAGE_BUGREPORT ""

configure: exit 0
