This file contains any messages produced by compilers while
running configure, to aid debugging if configure makes a mistake.

It was created by configure, which was
generated by GNU Autoconf 2.59.  Invocation command line was

  $ ./configure 

## --------- ##
## Platform. ##
## --------- ##

hostname = zachary-pinters-macbook-pro.local
uname -m = i386
uname -r = 9.6.0
uname -s = Darwin
uname -v = Darwin Kernel Version 9.6.0: Mon Nov 24 17:37:00 PST 2008; root:xnu-1228.9.59~1/RELEASE_I386

/usr/bin/uname -p = i386
/bin/uname -X     = unknown

/bin/arch              = unknown
/usr/bin/arch -k       = unknown
/usr/convex/getsysinfo = unknown
hostinfo               = Mach kernel version:
	 Darwin Kernel Version 9.6.0: Mon Nov 24 17:37:00 PST 2008; root:xnu-1228.9.59~1/RELEASE_I386
Kernel configured for up to 2 processors.
2 processors are physically available.
2 processors are logically available.
Processor type: i486 (Intel 80486)
Processors active: 0 1
Primary memory available: 4.00 gigabytes
Default processor set: 120 tasks, 584 threads, 2 processors
Load average: 2.28, Mach factor: 0.78
/bin/machine           = unknown
/usr/bin/oslevel       = unknown
/bin/universe          = unknown

PATH: /opt/local/bin
PATH: /opt/local/lib/erlang/lib/rabbitmq_server-1.4.0/sbin
PATH: /Users/zpinter/bin
PATH: /Users/zpinter/clojure/bin
PATH: /usr/bin
PATH: /bin
PATH: /usr/sbin
PATH: /sbin
PATH: ~/bin
PATH: /usr/local/bin
PATH: /usr/X11R6/bin
PATH: /opt/local/bin
PATH: /Users/zpinter/ec2-api-tools/bin


## ----------- ##
## Core tests. ##
## ----------- ##

configure:1233: checking whether make sets $(MAKE)
configure:1253: result: yes
configure:1300: checking for a BSD-compatible install
configure:1355: result: /usr/bin/install -c
configure:1368: checking for makeinfo
configure:1384: found /opt/local/bin/makeinfo
configure:1395: result: makeinfo
configure:1404: checking for texi2dvi
configure:1420: found /opt/local/bin/texi2dvi
configure:1431: result: texi2dvi
configure:1440: checking for ptex
configure:1467: result: false
configure:1476: checking for jbibtex
configure:1503: result: false
configure:1514: checking for egrep
configure:1530: found /usr/bin/egrep
configure:1540: result: egrep
configure:1740: checking for emacs
configure:1758: found /usr/bin/emacs
configure:1770: result: /usr/bin/emacs
configure:1790: checking what a flavor does /usr/bin/emacs have
/usr/bin/emacs -q -no-site-file -batch -eval '(let ((x (cond ((featurep (quote xemacs)) "XEmacs")          ((and (boundp (quote emacs-major-version))                (>= emacs-major-version 21))           (format "Emacs %d" emacs-major-version))          ((boundp (quote MULE)) "MULE")          (t "Emacs")))) (write-region (if (stringp x) (princ x) (prin1-to-string x)) nil "./conftest-17463" nil 5))'
Loading /Applications/Emacs.app/Contents/Resources/site-lisp/extra-autoloads.el (source)...
Loading /Applications/Emacs.app/Contents/Resources/site-lisp/haskell-mode/haskell-site-file.el (source)...
Emacs 22=> Emacs 22
configure:1833: result: Emacs 22
configure:1842: checking prefix for /usr/bin/emacs
/usr/bin/emacs -q -no-site-file -batch -eval '(let ((x (expand-file-name ".." invocation-directory))) (write-region (if (stringp x) (princ x) (prin1-to-string x)) nil "./conftest-17463" nil 5))'
Loading /Applications/Emacs.app/Contents/Resources/site-lisp/extra-autoloads.el (source)...
Loading /Applications/Emacs.app/Contents/Resources/site-lisp/haskell-mode/haskell-site-file.el (source)...
/usr=> /usr
configure:1871: result: /usr
configure:1880: checking where lisp files should go
configure:1902: result: $(prefix)/share/emacs/site-lisp/w3m/
configure:2044: checking where icon files should go
/usr/bin/emacs -q -no-site-file -batch -eval '(let ((x (let ((prefix "/usr")	      (default (expand-file-name "images/w3m" data-directory)))	  (if (and prefix		   (progn		     (setq prefix (file-name-as-directory prefix))		     (eq 0 (string-match (regexp-quote prefix) default))))	      (replace-match "$(prefix)/" nil nil default)	    default)))) (write-region (if (stringp x) (princ x) (prin1-to-string x)) nil "./conftest-17463" nil 5))'
Loading /Applications/Emacs.app/Contents/Resources/site-lisp/extra-autoloads.el (source)...
Loading /Applications/Emacs.app/Contents/Resources/site-lisp/haskell-mode/haskell-site-file.el (source)...
/Applications/Emacs.app/Contents/Resources/etc/images/w3m=> /Applications/Emacs.app/Contents/Resources/etc/images/w3m
configure:2088: result: /Applications/Emacs.app/Contents/Resources/etc/images/w3m
configure:2134: checking for regexp-opt
configure:2138: result: /Applications/Emacs.app/Contents/Resources/lisp/emacs-lisp/regexp-opt.elc
configure:2297: creating ./config.status

## ---------------------- ##
## Running config.status. ##
## ---------------------- ##

This file was extended by config.status, which was
generated by GNU Autoconf 2.59.  Invocation command line was

  CONFIG_FILES    = 
  CONFIG_HEADERS  = 
  CONFIG_LINKS    = 
  CONFIG_COMMANDS = 
  $ ./config.status 

on zachary-pinters-macbook-pro.local

config.status:645: creating Makefile
config.status:645: creating doc/Makefile

## ---------------- ##
## Cache variables. ##
## ---------------- ##

EMACS_cv_SYS_flavor='Emacs 22'
EMACS_cv_SYS_icondir=/Applications/Emacs.app/Contents/Resources/etc/images/w3m
EMACS_cv_SYS_prefix=/usr
ac_cv_env_build_alias_set=
ac_cv_env_build_alias_value=
ac_cv_env_host_alias_set=
ac_cv_env_host_alias_value=
ac_cv_env_target_alias_set=
ac_cv_env_target_alias_value=
ac_cv_path_EMACS=/usr/bin/emacs
ac_cv_path_install='/usr/bin/install -c'
ac_cv_prog_EGREP=egrep
ac_cv_prog_JBIBTEX=false
ac_cv_prog_MAKEINFO=makeinfo
ac_cv_prog_PTEX=false
ac_cv_prog_TEXI2DVI=texi2dvi
ac_cv_prog_make_make_set=yes

## ----------------- ##
## Output variables. ##
## ----------------- ##

ADDITIONAL_LOAD_PATH='NONE'
DEFS='-DPACKAGE_NAME=\"\" -DPACKAGE_TARNAME=\"\" -DPACKAGE_VERSION=\"\" -DPACKAGE_STRING=\"\" -DPACKAGE_BUGREPORT=\"\" '
ECHO_C=''
ECHO_N='-n'
ECHO_T=''
EGREP='egrep'
EMACS='/usr/bin/emacs'
ICONDIR='/Applications/Emacs.app/Contents/Resources/etc/images/w3m'
INSTALL_DATA='${INSTALL} -m 644'
INSTALL_PROGRAM='${INSTALL}'
INSTALL_SCRIPT='${INSTALL}'
JBIBTEX='false'
LIBOBJS=''
LIBS=''
LTLIBOBJS=''
MAKEINFO='makeinfo'
PACKAGEDIR='NONE'
PACKAGE_BUGREPORT=''
PACKAGE_NAME=''
PACKAGE_STRING=''
PACKAGE_TARNAME=''
PACKAGE_VERSION=''
PATH_SEPARATOR=':'
PTEX='false'
SET_MAKE=''
SHELL='/bin/sh'
TEXI2DVI='texi2dvi'
VANILLA_FLAG='-q -no-site-file'
bindir='${exec_prefix}/bin'
build_alias=''
datadir='${prefix}/share'
exec_prefix='${prefix}'
host_alias=''
includedir='${prefix}/include'
infodir='${prefix}/info'
libdir='${exec_prefix}/lib'
libexecdir='${exec_prefix}/libexec'
lispdir='$(prefix)/share/emacs/site-lisp/w3m'
localstatedir='${prefix}/var'
mandir='${prefix}/man'
oldincludedir='/usr/include'
prefix='/usr'
program_transform_name='s,x,x,'
sbindir='${exec_prefix}/sbin'
sharedstatedir='${prefix}/com'
sysconfdir='${prefix}/etc'
target_alias=''

## ----------- ##
## confdefs.h. ##
## ----------- ##

#define PACKAGE_BUGREPORT ""
#define PACKAGE_NAME ""
#define PACKAGE_STRING ""
#define PACKAGE_TARNAME ""
#define PACKAGE_VERSION ""

configure: exit 0
