This file contains any messages produced by compilers while
running configure, to aid debugging if configure makes a mistake.

It was created by magit configure 0.8, which was
generated by GNU Autoconf 2.65.  Invocation command line was

  $ ./configure 

## --------- ##
## Platform. ##
## --------- ##

hostname = zlenovo
uname -m = x86_64
uname -r = 2.6.34-020634-generic
uname -s = Linux
uname -v = #020634 SMP Mon May 17 19:27:49 UTC 2010

/usr/bin/uname -p = unknown
/bin/uname -X     = unknown

/bin/arch              = unknown
/usr/bin/arch -k       = unknown
/usr/convex/getsysinfo = unknown
/usr/bin/hostinfo      = unknown
/bin/machine           = unknown
/usr/bin/oslevel       = unknown
/bin/universe          = unknown

PATH: /home/zpinter/.rvm/gems/ruby-1.9.2-rc2/bin
PATH: /home/zpinter/.rvm/gems/ruby-1.9.2-rc2@global/bin
PATH: /home/zpinter/.rvm/rubies/ruby-1.9.2-rc2/bin
PATH: /home/zpinter/.rvm/bin
PATH: /usr/local/maven-2.2.1/bin
PATH: /home/zpinter/opt/android-sdk-linux_86/tools
PATH: /home/zpinter/opt/idea-IU-93.94/bin
PATH: /home/zpinter/opt/glassfish/bin
PATH: /home/zpinter/homebrew/bin
PATH: /home/zpinter/homebrew/Cellar/emacs/23.2/Emacs.app/Contents/MacOS/bin
PATH: /home/zpinter/.gem/ruby/1.8/bin
PATH: /opt/local/bin
PATH: /opt/local/lib/erlang/lib/rabbitmq_server-1.4.0/sbin
PATH: /home/zpinter/bin
PATH: /home/zpinter/clojure/bin
PATH: /home/zpinter/opt/android-sdk-linux_86/tools
PATH: /usr/local/sbin
PATH: /usr/local/bin
PATH: /usr/sbin
PATH: /usr/bin
PATH: /sbin
PATH: /bin
PATH: /usr/games


## ----------- ##
## Core tests. ##
## ----------- ##

configure:1713: checking for a BSD-compatible install
configure:1781: result: /usr/bin/install -c
configure:1792: checking whether build environment is sane
configure:1842: result: yes
configure:1983: checking for a thread-safe mkdir -p
configure:2022: result: /bin/mkdir -p
configure:2035: checking for gawk
configure:2051: found /usr/bin/gawk
configure:2062: result: gawk
configure:2073: checking whether make sets $(MAKE)
configure:2095: result: yes
configure:2328: creating ./config.status

## ---------------------- ##
## Running config.status. ##
## ---------------------- ##

This file was extended by magit config.status 0.8, which was
generated by GNU Autoconf 2.65.  Invocation command line was

  CONFIG_FILES    = 
  CONFIG_HEADERS  = 
  CONFIG_LINKS    = 
  CONFIG_COMMANDS = 
  $ ./config.status 

on zlenovo

config.status:744: creating Makefile
config.status:744: creating magit-pkg.el
config.status:744: creating magit.spec

## ---------------- ##
## Cache variables. ##
## ---------------- ##

ac_cv_env_build_alias_set=
ac_cv_env_build_alias_value=
ac_cv_env_host_alias_set=
ac_cv_env_host_alias_value=
ac_cv_env_target_alias_set=
ac_cv_env_target_alias_value=
ac_cv_path_install='/usr/bin/install -c'
ac_cv_path_mkdir=/bin/mkdir
ac_cv_prog_AWK=gawk
ac_cv_prog_make_make_set=yes

## ----------------- ##
## Output variables. ##
## ----------------- ##

ACLOCAL='${SHELL} /home/zpinter/emacs.d/magit/update/magit/missing --run aclocal-1.11'
AMTAR='${SHELL} /home/zpinter/emacs.d/magit/update/magit/missing --run tar'
AUTOCONF='${SHELL} /home/zpinter/emacs.d/magit/update/magit/missing --run autoconf'
AUTOHEADER='${SHELL} /home/zpinter/emacs.d/magit/update/magit/missing --run autoheader'
AUTOMAKE='${SHELL} /home/zpinter/emacs.d/magit/update/magit/missing --run automake-1.11'
AWK='gawk'
CYGPATH_W='echo'
DEFS='-DPACKAGE_NAME=\"magit\" -DPACKAGE_TARNAME=\"magit\" -DPACKAGE_VERSION=\"0.8\" -DPACKAGE_STRING=\"magit\ 0.8\" -DPACKAGE_BUGREPORT=\"\" -DPACKAGE_URL=\"\" -DPACKAGE=\"magit\" -DVERSION=\"0.8\"'
ECHO_C=''
ECHO_N='-n'
ECHO_T=''
INSTALL_DATA='${INSTALL} -m 644'
INSTALL_PROGRAM='${INSTALL}'
INSTALL_SCRIPT='${INSTALL}'
INSTALL_STRIP_PROGRAM='$(install_sh) -c -s'
LIBOBJS=''
LIBS=''
LTLIBOBJS=''
MAKEINFO='${SHELL} /home/zpinter/emacs.d/magit/update/magit/missing --run makeinfo'
MKDIR_P='/bin/mkdir -p'
PACKAGE='magit'
PACKAGE_BUGREPORT=''
PACKAGE_NAME='magit'
PACKAGE_STRING='magit 0.8'
PACKAGE_TARNAME='magit'
PACKAGE_URL=''
PACKAGE_VERSION='0.8'
PATH_SEPARATOR=':'
SET_MAKE=''
SHELL='/bin/bash'
SITESTART='$(sysconfdir)/emacs/site-start.d'
STRIP=''
VERSION='0.8'
am__isrc=''
am__leading_dot='.'
am__tar='${AMTAR} chof - "$$tardir"'
am__untar='${AMTAR} xf -'
bindir='${exec_prefix}/bin'
build_alias=''
datadir='${datarootdir}'
datarootdir='${prefix}/share'
docdir='${datarootdir}/doc/${PACKAGE_TARNAME}'
dvidir='${docdir}'
exec_prefix='${prefix}'
host_alias=''
htmldir='${docdir}'
includedir='${prefix}/include'
infodir='${datarootdir}/info'
install_sh='${SHELL} /home/zpinter/emacs.d/magit/update/magit/install-sh'
libdir='${exec_prefix}/lib'
libexecdir='${exec_prefix}/libexec'
localedir='${datarootdir}/locale'
localstatedir='${prefix}/var'
mandir='${datarootdir}/man'
mkdir_p='/bin/mkdir -p'
oldincludedir='/usr/include'
pdfdir='${docdir}'
prefix='/usr/local'
program_transform_name='s,x,x,'
psdir='${docdir}'
sbindir='${exec_prefix}/sbin'
sharedstatedir='${prefix}/com'
sysconfdir='${prefix}/etc'
target_alias=''

## ----------- ##
## confdefs.h. ##
## ----------- ##

/* confdefs.h */
#define PACKAGE_NAME "magit"
#define PACKAGE_TARNAME "magit"
#define PACKAGE_VERSION "0.8"
#define PACKAGE_STRING "magit 0.8"
#define PACKAGE_BUGREPORT ""
#define PACKAGE_URL ""
#define PACKAGE "magit"
#define VERSION "0.8"

configure: exit 0
