This file contains any messages produced by compilers while
running configure, to aid debugging if configure makes a mistake.

It was created by epg configure 0.0.16, which was
generated by GNU Autoconf 2.63.  Invocation command line was

  $ ./configure --with-lispdir=/Users/zpinter/emacs.d/005-easypg/lisp --infodir=/Users/zpinter/emacs.d/005-easypg/info --with-gpg=/opt/local/bin/gpg --with-emacs=/Applications/Emacs.app/Contents/MacOS/Emacs

## --------- ##
## Platform. ##
## --------- ##

hostname = zachary-pinters-macbook-pro.local
uname -m = i386
uname -r = 9.7.0
uname -s = Darwin
uname -v = Darwin Kernel Version 9.7.0: Tue Mar 31 22:52:17 PDT 2009; root:xnu-1228.12.14~1/RELEASE_I386

/usr/bin/uname -p = i386
/bin/uname -X     = unknown

/bin/arch              = unknown
/usr/bin/arch -k       = unknown
/usr/convex/getsysinfo = unknown
/usr/bin/hostinfo      = Mach kernel version:
	 Darwin Kernel Version 9.7.0: Tue Mar 31 22:52:17 PDT 2009; root:xnu-1228.12.14~1/RELEASE_I386
Kernel configured for up to 2 processors.
2 processors are physically available.
2 processors are logically available.
Processor type: i486 (Intel 80486)
Processors active: 0 1
Primary memory available: 4.00 gigabytes
Default processor set: 136 tasks, 744 threads, 2 processors
Load average: 0.65, Mach factor: 1.41
/bin/machine           = unknown
/usr/bin/oslevel       = unknown
/bin/universe          = unknown

PATH: /opt/local/bin
PATH: /opt/local/lib/erlang/lib/rabbitmq_server-1.4.0/sbin
PATH: /Users/zpinter/bin
PATH: /Users/zpinter/clojure/bin
PATH: /usr/bin
PATH: /bin
PATH: /usr/sbin
PATH: /sbin
PATH: /usr/local/bin
PATH: /usr/X11/bin
PATH: /Users/zpinter/ec2-api-tools/bin


## ----------- ##
## Core tests. ##
## ----------- ##

configure:1820: checking for a BSD-compatible install
configure:1888: result: /usr/bin/install -c
configure:1899: checking whether build environment is sane
configure:1942: result: yes
configure:1967: checking for a thread-safe mkdir -p
configure:2006: result: ./install-sh -c -d
configure:2019: checking for gawk
configure:2035: found /opt/local/bin/gawk
configure:2046: result: gawk
configure:2057: checking whether make sets $(MAKE)
configure:2079: result: yes
configure:2319: checking for /Applications/Emacs.app/Contents/MacOS/Emacs
configure:2347: result: emacs
configure:2491: checking what flavor does emacs have
emacs -batch -eval '(let ((x (cond ((featurep (quote xemacs)) "XEmacs") ((boundp (quote MULE)) "MULE") (t "FSF Emacs")))) (write-region (if (stringp x) (princ x) (prin1-to-string x)) nil "./conftest-3168" nil 5))'
Warning: arch-dependent data dir (/Volumes/Emacs/Emacs.app/Contents/MacOS/libexec/emacs/22.3/i386-apple-darwin9.6.0/) does not exist.
Warning: arch-independent data dir (/Applications/Emacs.app/Contents/Resources/share/emacs/22.3/etc/) does not exist.
Cannot open load file: encoded-kb
=> 
configure:2532: result: 
configure:2535: checking prefix for your Emacs
emacs -batch -eval '(let ((x (expand-file-name ".." invocation-directory))) (write-region (if (stringp x) (princ x) (prin1-to-string x)) nil "./conftest-3168" nil 5))'
Warning: arch-dependent data dir (/Volumes/Emacs/Emacs.app/Contents/MacOS/libexec/emacs/22.3/i386-apple-darwin9.6.0/) does not exist.
Warning: arch-independent data dir (/Applications/Emacs.app/Contents/Resources/share/emacs/22.3/etc/) does not exist.
Cannot open load file: encoded-kb
=> 
configure:2564: result: 
configure:2573: checking where lisp files should go
configure:2595: result: /Users/zpinter/emacs.d/005-easypg/lisp
configure:2721: checking for gpg
configure:2739: found /opt/local/bin/gpg
configure:2751: result: /opt/local/bin/gpg
configure:2783: checking for GnuPG >= 1.4.3
configure:2816: result: yes
configure:2994: creating ./config.status

## ---------------------- ##
## Running config.status. ##
## ---------------------- ##

This file was extended by epg config.status 0.0.16, which was
generated by GNU Autoconf 2.63.  Invocation command line was

  CONFIG_FILES    = 
  CONFIG_HEADERS  = 
  CONFIG_LINKS    = 
  CONFIG_COMMANDS = 
  $ ./config.status 

on zachary-pinters-macbook-pro.local

config.status:671: creating Makefile
config.status:671: creating epg-package-info.el

## ---------------- ##
## Cache variables. ##
## ---------------- ##

EMACS_cv_SYS_flavor=
EMACS_cv_SYS_prefix=
ac_cv_env_build_alias_set=
ac_cv_env_build_alias_value=
ac_cv_env_host_alias_set=
ac_cv_env_host_alias_value=
ac_cv_env_target_alias_set=
ac_cv_env_target_alias_value=
ac_cv_path_GPG=/opt/local/bin/gpg
ac_cv_path_install='/usr/bin/install -c'
ac_cv_prog_AWK=gawk
ac_cv_prog_EMACS=emacs
ac_cv_prog_make_make_set=yes

## ----------------- ##
## Output variables. ##
## ----------------- ##

ACLOCAL='${SHELL} /Users/zpinter/repos/emacs.d/005-easypg/orig/missing --run aclocal-1.10'
AMTAR='${SHELL} /Users/zpinter/repos/emacs.d/005-easypg/orig/missing --run tar'
AUTOCONF='${SHELL} /Users/zpinter/repos/emacs.d/005-easypg/orig/missing --run autoconf'
AUTOHEADER='${SHELL} /Users/zpinter/repos/emacs.d/005-easypg/orig/missing --run autoheader'
AUTOMAKE='${SHELL} /Users/zpinter/repos/emacs.d/005-easypg/orig/missing --run automake-1.10'
AWK='gawk'
CYGPATH_W='echo'
DEFS='-DPACKAGE_NAME=\"epg\" -DPACKAGE_TARNAME=\"epg\" -DPACKAGE_VERSION=\"0.0.16\" -DPACKAGE_STRING=\"epg\ 0.0.16\" -DPACKAGE_BUGREPORT=\"ueno@unixuser.org\" -DPACKAGE=\"epg\" -DVERSION=\"0.0.16\" -DGPG_PATH=\"/opt/local/bin/gpg\"'
ECHO_C='\c'
ECHO_N=''
ECHO_T=''
EMACS='emacs'
GPG='/opt/local/bin/gpg'
GPG_PATH=''
INSTALL_DATA='${INSTALL} -m 644'
INSTALL_PROGRAM='${INSTALL}'
INSTALL_SCRIPT='${INSTALL}'
INSTALL_STRIP_PROGRAM='$(install_sh) -c -s'
LIBOBJS=''
LIBS=''
LTLIBOBJS=''
MAKEINFO='${SHELL} /Users/zpinter/repos/emacs.d/005-easypg/orig/missing --run makeinfo'
MKDIR_P='./install-sh -c -d'
PACKAGE='epg'
PACKAGEDIR=''
PACKAGE_BUGREPORT='ueno@unixuser.org'
PACKAGE_NAME='epg'
PACKAGE_STRING='epg 0.0.16'
PACKAGE_TARNAME='epg'
PACKAGE_VERSION='0.0.16'
PATH_SEPARATOR=':'
RUN_GPG_TESTS_FALSE='#'
RUN_GPG_TESTS_TRUE=''
SET_MAKE=''
SHELL='/bin/sh'
STRIP=''
VERSION='0.0.16'
XEMACS='xemacs'
XEMACS_FALSE=''
XEMACS_TRUE='#'
am__isrc=''
am__leading_dot='.'
am__tar='${AMTAR} chof - "$$tardir"'
am__untar='${AMTAR} xf -'
bindir='${exec_prefix}/bin'
build_alias=''
datadir='${datarootdir}'
datarootdir='${prefix}/share'
docdir='${datarootdir}/doc/${PACKAGE_TARNAME}'
dvidir='${docdir}'
exec_prefix='${prefix}'
host_alias=''
htmldir='${docdir}'
includedir='${prefix}/include'
infodir='/Users/zpinter/emacs.d/005-easypg/info'
install_sh='$(SHELL) /Users/zpinter/repos/emacs.d/005-easypg/orig/install-sh'
libdir='${exec_prefix}/lib'
libexecdir='${exec_prefix}/libexec'
lispdir='/Users/zpinter/emacs.d/005-easypg/lisp'
localedir='${datarootdir}/locale'
localstatedir='${prefix}/var'
mandir='${datarootdir}/man'
mkdir_p='$(top_builddir)/./install-sh -c -d'
oldincludedir='/usr/include'
pdfdir='${docdir}'
prefix=''
program_transform_name='s,x,x,'
psdir='${docdir}'
sbindir='${exec_prefix}/sbin'
sharedstatedir='${prefix}/com'
sysconfdir='${prefix}/etc'
target_alias=''

## ----------- ##
## confdefs.h. ##
## ----------- ##

#define PACKAGE_NAME "epg"
#define PACKAGE_TARNAME "epg"
#define PACKAGE_VERSION "0.0.16"
#define PACKAGE_STRING "epg 0.0.16"
#define PACKAGE_BUGREPORT "ueno@unixuser.org"
#define PACKAGE "epg"
#define VERSION "0.0.16"
#define GPG_PATH "/opt/local/bin/gpg"

configure: exit 0
